#
# There is insufficient memory for the Java Runtime Environment to continue.
# Native memory allocation (malloc) failed to allocate 1048576 bytes for AllocateHeap
# Possible reasons:
#   The system is out of physical RAM or swap space
#   The process is running with CompressedOops enabled, and the Java Heap may be blocking the growth of the native heap
# Possible solutions:
#   Reduce memory load on the system
#   Increase physical memory or swap space
#   Check if swap backing store is full
#   Decrease Java heap size (-Xmx/-Xms)
#   Decrease number of Java threads
#   Decrease Java thread stack sizes (-Xss)
#   Set larger code cache with -XX:ReservedCodeCacheSize=
#   JVM is running with Unscaled Compressed Oops mode in which the Java heap is
#     placed in the first 4GB address space. The Java Heap base address is the
#     maximum limit for the native heap growth. Please use -XX:HeapBaseMinAddress
#     to set the Java Heap base and to place the Java Heap above 4GB virtual address.
# This output file may be truncated or incomplete.
#
#  Out of Memory Error (memory/allocation.inline.hpp:61), pid=7764, tid=0x00000000000085b4
#
# JRE version:  (8.0_271-b09) (build )
# Java VM: Java HotSpot(TM) 64-Bit Server VM (25.271-b09 mixed mode windows-amd64 compressed oops)
# Failed to write core dump. Minidumps are not enabled by default on client versions of Windows
#

---------------  T H R E A D  ---------------

Current thread (0x000001db52c5c800):  JavaThread "Unknown thread" [_thread_in_vm, id=34228, stack(0x000000c638a00000,0x000000c638b00000)]

Stack: [0x000000c638a00000,0x000000c638b00000]
Native frames: (J=compiled Java code, j=interpreted, Vv=VM code, C=native code)
V  [jvm.dll+0x33f6c9]
V  [jvm.dll+0x286122]
V  [jvm.dll+0x286dcd]
V  [jvm.dll+0x27d805]
V  [jvm.dll+0x1565d]
V  [jvm.dll+0x3d98d8]
V  [jvm.dll+0x3da5ca]
V  [jvm.dll+0x3d6637]
V  [jvm.dll+0x10cfff]
V  [jvm.dll+0x21ab2b]
V  [jvm.dll+0x2494e7]
V  [jvm.dll+0x172a76]
C  [java.exe+0x2312]
C  [java.exe+0x15f54]
C  [KERNEL32.DLL+0x17c24]
C  [ntdll.dll+0x6d721]


---------------  P R O C E S S  ---------------

Java Threads: ( => current thread )

Other Threads:

=>0x000001db52c5c800 (exited) JavaThread "Unknown thread" [_thread_in_vm, id=34228, stack(0x000000c638a00000,0x000000c638b00000)]

VM state:not at safepoint (normal execution)

VM Mutex/Monitor currently owned by a thread: None

heap address: 0x0000000089000000, size: 1904 MB, Compressed Oops mode: 32-bit
Narrow klass base: 0x0000000000000000, Narrow klass shift: 3
Compressed class space size: 1073741824 Address: 0x0000000100000000

Heap:
 PSYoungGen      total 35840K, used 614K [0x00000000d8580000, 0x00000000dad80000, 0x0000000100000000)
  eden space 30720K, 2% used [0x00000000d8580000,0x00000000d86199a8,0x00000000da380000)
  from space 5120K, 0% used [0x00000000da880000,0x00000000da880000,0x00000000dad80000)
  to   space 5120K, 0% used [0x00000000da380000,0x00000000da380000,0x00000000da880000)
 ParOldGen       total 81920K, used 0K [0x0000000089000000, 0x000000008e000000, 0x00000000d8580000)
  object space 81920K, 0% used [0x0000000089000000,0x0000000089000000,0x000000008e000000)
 Metaspace       used 776K, capacity 4480K, committed 4480K, reserved 1056768K
  class space    used 76K, capacity 384K, committed 384K, reserved 1048576K

Card table byte_map: [0x000001db63880000,0x000001db63c40000] byte_map_base: 0x000001db63438000

Marking Bits: (ParMarkBitMap*) 0x0000000059a67fe0
 Begin Bits: [0x000001db63ec0000, 0x000001db65c80000)
 End Bits:   [0x000001db65c80000, 0x000001db67a40000)

Polling page: 0x000001db52b90000

CodeCache: size=245760Kb used=328Kb max_used=328Kb free=245431Kb
 bounds [0x000001db544c0000, 0x000001db54730000, 0x000001db634c0000]
 total_blobs=58 nmethods=0 adapters=38
 compilation: enabled

Compilation events (0 events):
No events

GC Heap History (0 events):
No events

Deoptimization events (0 events):
No events

Classes redefined (0 events):
No events

Internal exceptions (0 events):
No events

Events (10 events):
Event: 0.063 loading class java/lang/Short
Event: 0.063 loading class java/lang/Short done
Event: 0.063 loading class java/lang/Integer
Event: 0.063 loading class java/lang/Integer done
Event: 0.063 loading class java/lang/Long
Event: 0.063 loading class java/lang/Long done
Event: 0.064 loading class java/lang/NullPointerException
Event: 0.065 loading class java/lang/NullPointerException done
Event: 0.065 loading class java/lang/ArithmeticException
Event: 0.065 loading class java/lang/ArithmeticException done


Dynamic libraries:
0x00007ff7823b0000 - 0x00007ff7823f7000 	D:\Program\Java\jdk1.8.0_271\bin\java.exe
0x00007ff81e9c0000 - 0x00007ff81ebb0000 	C:\Windows\SYSTEM32\ntdll.dll
0x00007ff8182c0000 - 0x00007ff8182d2000 	C:\Program Files\AVG\Antivirus\aswhook.dll
0x00007ff81cc10000 - 0x00007ff81ccc2000 	C:\Windows\System32\KERNEL32.DLL
0x00007ff81c3e0000 - 0x00007ff81c685000 	C:\Windows\System32\KERNELBASE.dll
0x00007ff81ccd0000 - 0x00007ff81cd73000 	C:\Windows\System32\ADVAPI32.dll
0x00007ff81e2f0000 - 0x00007ff81e38e000 	C:\Windows\System32\msvcrt.dll
0x00007ff81df80000 - 0x00007ff81e017000 	C:\Windows\System32\sechost.dll
0x00007ff81e390000 - 0x00007ff81e4af000 	C:\Windows\System32\RPCRT4.dll
0x00007ff81d2a0000 - 0x00007ff81d434000 	C:\Windows\System32\USER32.dll
0x00007ff81c690000 - 0x00007ff81c6b1000 	C:\Windows\System32\win32u.dll
0x00007ff81e870000 - 0x00007ff81e896000 	C:\Windows\System32\GDI32.dll
0x00007ff81b9d0000 - 0x00007ff81bb68000 	C:\Windows\System32\gdi32full.dll
0x00007ff81c340000 - 0x00007ff81c3de000 	C:\Windows\System32\msvcp_win.dll
0x00007ff81c8a0000 - 0x00007ff81c99a000 	C:\Windows\System32\ucrtbase.dll
0x00007ff8085b0000 - 0x00007ff808834000 	C:\Windows\WinSxS\amd64_microsoft.windows.common-controls_6595b64144ccf1df_6.0.18362.1379_none_9e7ff3b3e45cc0c4\COMCTL32.dll
0x00007ff81e4b0000 - 0x00007ff81e7e7000 	C:\Windows\System32\combase.dll
0x00007ff81b940000 - 0x00007ff81b9c1000 	C:\Windows\System32\bcryptPrimitives.dll
0x00007ff81e020000 - 0x00007ff81e04e000 	C:\Windows\System32\IMM32.DLL
0x00007ff816ac0000 - 0x00007ff816ad5000 	D:\Program\Java\jdk1.8.0_271\jre\bin\vcruntime140.dll
0x00007ff8018e0000 - 0x00007ff80197b000 	D:\Program\Java\jdk1.8.0_271\jre\bin\msvcp140.dll
0x0000000059270000 - 0x0000000059adf000 	D:\Program\Java\jdk1.8.0_271\jre\bin\server\jvm.dll
0x00007ff81e860000 - 0x00007ff81e868000 	C:\Windows\System32\PSAPI.DLL
0x00007ff818500000 - 0x00007ff818524000 	C:\Windows\SYSTEM32\WINMM.dll
0x00007ff80d210000 - 0x00007ff80d21a000 	C:\Windows\SYSTEM32\VERSION.dll
0x00007ff8184d0000 - 0x00007ff8184fd000 	C:\Windows\SYSTEM32\WINMMBASE.dll
0x00007ff81bb70000 - 0x00007ff81bbba000 	C:\Windows\System32\cfgmgr32.dll
0x00007ff808960000 - 0x00007ff808969000 	C:\Windows\SYSTEM32\WSOCK32.dll
0x00007ff81e7f0000 - 0x00007ff81e85f000 	C:\Windows\System32\WS2_32.dll
0x00007ff81b880000 - 0x00007ff81b891000 	C:\Windows\System32\kernel.appcore.dll
0x00007ff8168d0000 - 0x00007ff8168e0000 	D:\Program\Java\jdk1.8.0_271\jre\bin\verify.dll
0x00007ff814000000 - 0x00007ff81402b000 	D:\Program\Java\jdk1.8.0_271\jre\bin\java.dll
0x00007ff813fd0000 - 0x00007ff814000000 	D:\Program\Java\jdk1.8.0_271\jre\bin\instrument.dll
0x00007ff8168b0000 - 0x00007ff8168c8000 	D:\Program\Java\jdk1.8.0_271\jre\bin\zip.dll
0x00007ff80ad10000 - 0x00007ff80af04000 	C:\Windows\SYSTEM32\dbghelp.dll

VM Arguments:
jvm_args: -Dmaven.multiModuleProjectDirectory=D:\10W\IdeaProjects\spider\fxyh\crawler -Dmaven.home=D:\Program\IntelliJ IDEA 2020.2.3\plugins\maven\lib\maven3 -Dclassworlds.conf=D:\Program\IntelliJ IDEA 2020.2.3\plugins\maven\lib\maven3\bin\m2.conf -Dmaven.ext.class.path=D:\Program\IntelliJ IDEA 2020.2.3\plugins\maven\lib\maven-event-listener.jar -javaagent:D:\Program\IntelliJ IDEA 2020.2.3\lib\idea_rt.jar=59475:D:\Program\IntelliJ IDEA 2020.2.3\bin -Dfile.encoding=UTF-8 
java_command: org.codehaus.classworlds.Launcher -Didea.version=2020.2.3 -s D:\10W\settings.xml -Dmaven.repo.local=D:\10W\repository package
java_class_path (initial): D:\Program\IntelliJ IDEA 2020.2.3\plugins\maven\lib\maven3\boot\plexus-classworlds-2.6.0.jar;D:\Program\IntelliJ IDEA 2020.2.3\plugins\maven\lib\maven3\boot\plexus-classworlds.license;D:\Program\IntelliJ IDEA 2020.2.3\lib\idea_rt.jar
Launcher Type: SUN_STANDARD

Environment Variables:
CLASSPATH=.;%Java_Home%\bin;%Java_Home%\lib\dt.jar;%Java_Home%\lib\tools.jar
PATH=C:\Program Files (x86)\Common Files\Oracle\Java\javapath;C:\Windows\system32;C:\Windows;C:\Windows\System32\Wbem;C:\Windows\System32\WindowsPowerShell\v1.0\;C:\Windows\System32\OpenSSH\;C:\Program Files (x86)\NVIDIA Corporation\PhysX\Common;C:\Program Files\NVIDIA Corporation\NVIDIA NvDLISR;D:\Program\NetSarang\Xftp 7\;D:\Program\NetSarang\Xshell 7\;D:\10W\flutter\bin;D:\Program\Git\cmd;D:\Program\nodejs\;C:\Users\panyu\AppData\Local\Microsoft\WindowsApps;;D:\Program\Microsoft VS Code\bin;D:\Program\Fiddler;C:\Users\panyu\AppData\Roaming\npm
USERNAME=panyu
OS=Windows_NT
PROCESSOR_IDENTIFIER=Intel64 Family 6 Model 78 Stepping 3, GenuineIntel



---------------  S Y S T E M  ---------------

OS: Windows 10.0 , 64 bit Build 18362 (10.0.18362.1350)

CPU:total 4 (initial active 4) (2 cores per cpu, 2 threads per core) family 6 model 78 stepping 3, cmov, cx8, fxsr, mmx, sse, sse2, sse3, ssse3, sse4.1, sse4.2, popcnt, avx, avx2, aes, clmul, erms, 3dnowpref, lzcnt, ht, tsc, tscinvbit, bmi1, bmi2, adx

Memory: 4k page, physical 7795804k(584092k free), swap 20781016k(6624k free)

vm_info: Java HotSpot(TM) 64-Bit Server VM (25.271-b09) for windows-amd64 JRE (1.8.0_271-b09), built on Sep 16 2020 19:14:59 by "" with MS VC++ 15.9 (VS2017)

time: Wed Mar 10 13:26:39 2021
timezone: ?D1¨²¡À¨º¡Á?¨º¡À??
elapsed time: 0.134923 seconds (0d 0h 0m 0s)

